2013-07-23 15:51:57.410 HelloWorld[17512:c07] Multi-tasking -> Device: YES, App: YES
2013-07-23 15:51:57.450 HelloWorld[17512:c07] Resetting plugins due to page load.
2013-07-23 15:51:57.852 HelloWorld[17512:c07] Finished load of: file:///Users/david/Library/Application%20Support/iPhone%20Simulator/6.1/Applications/7CEE6186-AFA5-4C14-B04A-DDD21ED7381D/HelloWorld.app/www/index.html
Terminating in response to SpringBoard's termination.
2013-07-23 15:52:43.482 HelloWorld[18026:c07] Multi-tasking -> Device: YES, App: YES
2013-07-23 15:52:43.514 HelloWorld[18026:c07] Resetting plugins due to page load.
2013-07-23 15:52:43.940 HelloWorld[18026:c07] Finished load of: file:///Users/david/Library/Application%20Support/iPhone%20Simulator/6.1/Applications/7CEE6186-AFA5-4C14-B04A-DDD21ED7381D/HelloWorld.app/www/index.html
2013-07-23 15:52:53.002 HelloWorld[18026:c07] Simulator slow-motion animations are now on
2013-07-23 15:53:31.977 HelloWorld[18026:c07] Simulator slow-motion animations are now off
2013-07-23 15:53:40.260 HelloWorld[18026:c07] THREAD WARNING: ['Camera'] took '49.093018' ms. Plugin should use a background thread.
2013-07-23 15:55:39.275 HelloWorld[19454:c07] Multi-tasking -> Device: YES, App: YES
2013-07-23 15:55:39.335 HelloWorld[19454:c07] Resetting plugins due to page load.
2013-07-23 15:55:39.757 HelloWorld[19454:c07] Finished load of: file:///Users/david/Library/Application%20Support/iPhone%20Simulator/6.1/Applications/7CEE6186-AFA5-4C14-B04A-DDD21ED7381D/HelloWorld.app/www/index.html
2013-07-23 15:56:01.444 HelloWorld[19937:c07] Multi-tasking -> Device: YES, App: YES
2013-07-23 15:56:01.509 HelloWorld[19937:c07] Resetting plugins due to page load.
2013-07-23 15:56:01.932 HelloWorld[19937:c07] Finished load of: file:///Users/david/Library/Application%20Support/iPhone%20Simulator/6.1/Applications/7CEE6186-AFA5-4C14-B04A-DDD21ED7381D/HelloWorld.app/www/index.html
2013-07-23 15:58:26.459 HelloWorld[20588:c07] Multi-tasking -> Device: YES, App: YES
2013-07-23 15:58:26.525 HelloWorld[20588:c07] Resetting plugins due to page load.
2013-07-23 15:58:26.936 HelloWorld[20588:c07] Finished load of: file:///Users/david/Library/Application%20Support/iPhone%20Simulator/6.1/Applications/7CEE6186-AFA5-4C14-B04A-DDD21ED7381D/HelloWorld.app/www/index.html
2013-07-23 15:58:36.223 HelloWorld[20588:c07] THREAD WARNING: ['Camera'] took '41.577881' ms. Plugin should use a background thread.
2013-07-23 15:58:49.508 HelloWorld[20588:c07] THREAD WARNING: ['Camera'] took '13.643066' ms. Plugin should use a background thread.
2013-07-23 15:58:49.509 HelloWorld[20588:c07] Warning: Attempt to present <CDVCameraPicker: 0xa520a80> on <MainViewController: 0xc1108a0> while a presentation is in progress!
